# JRE version: Java(TM) SE Runtime Environment (8.0_291-b10) (build 1.8.0_291-b10)
# Java VM: Java HotSpot(TM) 64-Bit Server VM (25.291-b10 mixed mode windows-amd64 compressed oops)
Heap:
 PSYoungGen      total 38400K, used 29173K [0x00000000d5700000, 0x00000000da200000, 0x0000000100000000)
  eden space 33280K, 87% used [0x00000000d5700000,0x00000000d737d500,0x00000000d7780000)
  from space 5120K, 0% used [0x00000000d7c80000,0x00000000d7c80000,0x00000000d8180000)
  to   space 5120K, 0% used [0x00000000d7780000,0x00000000d7780000,0x00000000d7c80000)
 ParOldGen       total 49152K, used 4123K [0x0000000080400000, 0x0000000083400000, 0x00000000d5700000)
  object space 49152K, 8% used [0x0000000080400000,0x0000000080806f80,0x0000000083400000)
 Metaspace       used 29875K, capacity 30206K, committed 30592K, reserved 1075200K
  class space    used 3778K, capacity 3901K, committed 3968K, reserved 1048576K
GC Heap History (6 events):
Event: 1.521 GC heap before
{Heap before GC invocations=1 (full 0):
 PSYoungGen      total 38400K, used 33280K [0x00000000d5700000, 0x00000000d8180000, 0x0000000100000000)
  eden space 33280K, 100% used [0x00000000d5700000,0x00000000d7780000,0x00000000d7780000)
  from space 5120K, 0% used [0x00000000d7c80000,0x00000000d7c80000,0x00000000d8180000)
  to   space 5120K, 0% used [0x00000000d7780000,0x00000000d7780000,0x00000000d7c80000)
 ParOldGen       total 87552K, used 0K [0x0000000080400000, 0x0000000085980000, 0x00000000d5700000)
  object space 87552K, 0% used [0x0000000080400000,0x0000000080400000,0x0000000085980000)
 Metaspace       used 20620K, capacity 20802K, committed 21120K, reserved 1067008K
  class space    used 2547K, capacity 2602K, committed 2688K, reserved 1048576K
Event: 1.528 GC heap after
Heap after GC invocations=1 (full 0):
 PSYoungGen      total 38400K, used 5112K [0x00000000d5700000, 0x00000000d8180000, 0x0000000100000000)
  eden space 33280K, 0% used [0x00000000d5700000,0x00000000d5700000,0x00000000d7780000)
  from space 5120K, 99% used [0x00000000d7780000,0x00000000d7c7e300,0x00000000d7c80000)
  to   space 5120K, 0% used [0x00000000d7c80000,0x00000000d7c80000,0x00000000d8180000)
 ParOldGen       total 87552K, used 3251K [0x0000000080400000, 0x0000000085980000, 0x00000000d5700000)
  object space 87552K, 3% used [0x0000000080400000,0x000000008072cce8,0x0000000085980000)
 Metaspace       used 20620K, capacity 20802K, committed 21120K, reserved 1067008K
  class space    used 2547K, capacity 2602K, committed 2688K, reserved 1048576K
}
Event: 1.568 GC heap before
{Heap before GC invocations=2 (full 0):
 PSYoungGen      total 38400K, used 7904K [0x00000000d5700000, 0x00000000d8180000, 0x0000000100000000)
  eden space 33280K, 8% used [0x00000000d5700000,0x00000000d59b9f18,0x00000000d7780000)
  from space 5120K, 99% used [0x00000000d7780000,0x00000000d7c7e300,0x00000000d7c80000)
  to   space 5120K, 0% used [0x00000000d7c80000,0x00000000d7c80000,0x00000000d8180000)
 ParOldGen       total 87552K, used 3251K [0x0000000080400000, 0x0000000085980000, 0x00000000d5700000)
  object space 87552K, 3% used [0x0000000080400000,0x000000008072cce8,0x0000000085980000)
 Metaspace       used 20917K, capacity 21090K, committed 21248K, reserved 1067008K
  class space    used 2635K, capacity 2698K, committed 2816K, reserved 1048576K
Event: 1.572 GC heap after
Heap after GC invocations=2 (full 0):
 PSYoungGen      total 38400K, used 3728K [0x00000000d5700000, 0x00000000da200000, 0x0000000100000000)
  eden space 33280K, 0% used [0x00000000d5700000,0x00000000d5700000,0x00000000d7780000)
  from space 5120K, 72% used [0x00000000d7c80000,0x00000000d8024010,0x00000000d8180000)
  to   space 5120K, 0% used [0x00000000d7780000,0x00000000d7780000,0x00000000d7c80000)
 ParOldGen       total 87552K, used 3259K [0x0000000080400000, 0x0000000085980000, 0x00000000d5700000)
  object space 87552K, 3% used [0x0000000080400000,0x000000008072ece8,0x0000000085980000)
 Metaspace       used 20917K, capacity 21090K, committed 21248K, reserved 1067008K
  class space    used 2635K, capacity 2698K, committed 2816K, reserved 1048576K
}
Event: 1.572 GC heap before
{Heap before GC invocations=3 (full 1):
 PSYoungGen      total 38400K, used 3728K [0x00000000d5700000, 0x00000000da200000, 0x0000000100000000)
  eden space 33280K, 0% used [0x00000000d5700000,0x00000000d5700000,0x00000000d7780000)
  from space 5120K, 72% used [0x00000000d7c80000,0x00000000d8024010,0x00000000d8180000)
  to   space 5120K, 0% used [0x00000000d7780000,0x00000000d7780000,0x00000000d7c80000)
 ParOldGen       total 87552K, used 3259K [0x0000000080400000, 0x0000000085980000, 0x00000000d5700000)
  object space 87552K, 3% used [0x0000000080400000,0x000000008072ece8,0x0000000085980000)
 Metaspace       used 20917K, capacity 21090K, committed 21248K, reserved 1067008K
  class space    used 2635K, capacity 2698K, committed 2816K, reserved 1048576K
Event: 1.593 GC heap after
Heap after GC invocations=3 (full 1):
 PSYoungGen      total 38400K, used 0K [0x00000000d5700000, 0x00000000da200000, 0x0000000100000000)
  eden space 33280K, 0% used [0x00000000d5700000,0x00000000d5700000,0x00000000d7780000)
  from space 5120K, 0% used [0x00000000d7c80000,0x00000000d7c80000,0x00000000d8180000)
  to   space 5120K, 0% used [0x00000000d7780000,0x00000000d7780000,0x00000000d7c80000)
 ParOldGen       total 49152K, used 4123K [0x0000000080400000, 0x0000000083400000, 0x00000000d5700000)
  object space 49152K, 8% used [0x0000000080400000,0x0000000080806f80,0x0000000083400000)
 Metaspace       used 20917K, capacity 21090K, committed 21248K, reserved 1067008K
  class space    used 2635K, capacity 2698K, committed 2816K, reserved 1048576K
}

