# JRE version: Java(TM) SE Runtime Environment (8.0_291-b10) (build 1.8.0_291-b10)
# Java VM: Java HotSpot(TM) 64-Bit Server VM (25.291-b10 mixed mode windows-amd64 compressed oops)
Heap:
 PSYoungGen      total 29696K, used 26696K [0x00000000d5700000, 0x00000000d8600000, 0x0000000100000000)
  eden space 18944K, 88% used [0x00000000d5700000,0x00000000d674b078,0x00000000d6980000)
  from space 10752K, 93% used [0x00000000d6980000,0x00000000d7347080,0x00000000d7400000)
  to   space 12288K, 0% used [0x00000000d7a00000,0x00000000d7a00000,0x00000000d8600000)
 ParOldGen       total 17408K, used 12829K [0x0000000080400000, 0x0000000081500000, 0x00000000d5700000)
  object space 17408K, 73% used [0x0000000080400000,0x00000000810875a0,0x0000000081500000)
 Metaspace       used 20469K, capacity 20600K, committed 20864K, reserved 1067008K
  class space    used 2260K, capacity 2328K, committed 2432K, reserved 1048576K
GC Heap History (10 events):
Event: 1.379 GC heap before
{Heap before GC invocations=11 (full 1):
 PSYoungGen      total 20480K, used 20473K [0x00000000d5700000, 0x00000000d7980000, 0x0000000100000000)
  eden space 13824K, 100% used [0x00000000d5700000,0x00000000d6480000,0x00000000d6480000)
  from space 6656K, 99% used [0x00000000d6480000,0x00000000d6afe6c0,0x00000000d6b00000)
  to   space 8704K, 0% used [0x00000000d7100000,0x00000000d7100000,0x00000000d7980000)
 ParOldGen       total 10240K, used 7108K [0x0000000080400000, 0x0000000080e00000, 0x00000000d5700000)
  object space 10240K, 69% used [0x0000000080400000,0x0000000080af12f0,0x0000000080e00000)
 Metaspace       used 15070K, capacity 15186K, committed 15360K, reserved 1062912K
  class space    used 1661K, capacity 1718K, committed 1792K, reserved 1048576K
Event: 1.386 GC heap after
Heap after GC invocations=11 (full 1):
 PSYoungGen      total 24576K, used 8683K [0x00000000d5700000, 0x00000000d7d80000, 0x0000000100000000)
  eden space 15872K, 0% used [0x00000000d5700000,0x00000000d5700000,0x00000000d6680000)
  from space 8704K, 99% used [0x00000000d7100000,0x00000000d797af98,0x00000000d7980000)
  to   space 10752K, 0% used [0x00000000d6680000,0x00000000d6680000,0x00000000d7100000)
 ParOldGen       total 10240K, used 8667K [0x0000000080400000, 0x0000000080e00000, 0x00000000d5700000)
  object space 10240K, 84% used [0x0000000080400000,0x0000000080c76d60,0x0000000080e00000)
 Metaspace       used 15070K, capacity 15186K, committed 15360K, reserved 1062912K
  class space    used 1661K, capacity 1718K, committed 1792K, reserved 1048576K
}
Event: 1.386 GC heap before
{Heap before GC invocations=12 (full 2):
 PSYoungGen      total 24576K, used 8683K [0x00000000d5700000, 0x00000000d7d80000, 0x0000000100000000)
  eden space 15872K, 0% used [0x00000000d5700000,0x00000000d5700000,0x00000000d6680000)
  from space 8704K, 99% used [0x00000000d7100000,0x00000000d797af98,0x00000000d7980000)
  to   space 10752K, 0% used [0x00000000d6680000,0x00000000d6680000,0x00000000d7100000)
 ParOldGen       total 10240K, used 8667K [0x0000000080400000, 0x0000000080e00000, 0x00000000d5700000)
  object space 10240K, 84% used [0x0000000080400000,0x0000000080c76d60,0x0000000080e00000)
 Metaspace       used 15070K, capacity 15186K, committed 15360K, reserved 1062912K
  class space    used 1661K, capacity 1718K, committed 1792K, reserved 1048576K
Event: 1.439 GC heap after
Heap after GC invocations=12 (full 2):
 PSYoungGen      total 24576K, used 4909K [0x00000000d5700000, 0x00000000d7d80000, 0x0000000100000000)
  eden space 15872K, 0% used [0x00000000d5700000,0x00000000d5700000,0x00000000d6680000)
  from space 8704K, 56% used [0x00000000d7100000,0x00000000d75cb758,0x00000000d7980000)
  to   space 10752K, 0% used [0x00000000d6680000,0x00000000d6680000,0x00000000d7100000)
 ParOldGen       total 17408K, used 9875K [0x0000000080400000, 0x0000000081500000, 0x00000000d5700000)
  object space 17408K, 56% used [0x0000000080400000,0x0000000080da4f90,0x0000000081500000)
 Metaspace       used 15070K, capacity 15186K, committed 15360K, reserved 1062912K
  class space    used 1661K, capacity 1718K, committed 1792K, reserved 1048576K
}
Event: 1.629 GC heap before
{Heap before GC invocations=13 (full 2):
 PSYoungGen      total 24576K, used 20781K [0x00000000d5700000, 0x00000000d7d80000, 0x0000000100000000)
  eden space 15872K, 100% used [0x00000000d5700000,0x00000000d6680000,0x00000000d6680000)
  from space 8704K, 56% used [0x00000000d7100000,0x00000000d75cb758,0x00000000d7980000)
  to   space 10752K, 0% used [0x00000000d6680000,0x00000000d6680000,0x00000000d7100000)
 ParOldGen       total 17408K, used 9875K [0x0000000080400000, 0x0000000081500000, 0x00000000d5700000)
  object space 17408K, 56% used [0x0000000080400000,0x0000000080da4f90,0x0000000081500000)
 Metaspace       used 18513K, capacity 18674K, committed 18816K, reserved 1067008K
  class space    used 2089K, capacity 2134K, committed 2176K, reserved 1048576K
Event: 1.636 GC heap after
Heap after GC invocations=13 (full 2):
 PSYoungGen      total 26624K, used 4581K [0x00000000d5700000, 0x00000000d7e00000, 0x0000000100000000)
  eden space 15872K, 0% used [0x00000000d5700000,0x00000000d5700000,0x00000000d6680000)
  from space 10752K, 42% used [0x00000000d6680000,0x00000000d6af97f0,0x00000000d7100000)
  to   space 10240K, 0% used [0x00000000d7400000,0x00000000d7400000,0x00000000d7e00000)
 ParOldGen       total 17408K, used 12749K [0x0000000080400000, 0x0000000081500000, 0x00000000d5700000)
  object space 17408K, 73% used [0x0000000080400000,0x0000000081073590,0x0000000081500000)
 Metaspace       used 18513K, capacity 18674K, committed 18816K, reserved 1067008K
  class space    used 2089K, capacity 2134K, committed 2176K, reserved 1048576K
}
Event: 1.813 GC heap before
{Heap before GC invocations=14 (full 2):
 PSYoungGen      total 26624K, used 20453K [0x00000000d5700000, 0x00000000d7e00000, 0x0000000100000000)
  eden space 15872K, 100% used [0x00000000d5700000,0x00000000d6680000,0x00000000d6680000)
  from space 10752K, 42% used [0x00000000d6680000,0x00000000d6af97f0,0x00000000d7100000)
  to   space 10240K, 0% used [0x00000000d7400000,0x00000000d7400000,0x00000000d7e00000)
 ParOldGen       total 17408K, used 12749K [0x0000000080400000, 0x0000000081500000, 0x00000000d5700000)
  object space 17408K, 73% used [0x0000000080400000,0x0000000081073590,0x0000000081500000)
 Metaspace       used 19190K, capacity 19320K, committed 19456K, reserved 1067008K
  class space    used 2146K, capacity 2200K, committed 2304K, reserved 1048576K
Event: 1.818 GC heap after
Heap after GC invocations=14 (full 2):
 PSYoungGen      total 29184K, used 6074K [0x00000000d5700000, 0x00000000d7f00000, 0x0000000100000000)
  eden space 18944K, 0% used [0x00000000d5700000,0x00000000d5700000,0x00000000d6980000)
  from space 10240K, 59% used [0x00000000d7400000,0x00000000d79eeab8,0x00000000d7e00000)
  to   space 10752K, 0% used [0x00000000d6980000,0x00000000d6980000,0x00000000d7400000)
 ParOldGen       total 17408K, used 12757K [0x0000000080400000, 0x0000000081500000, 0x00000000d5700000)
  object space 17408K, 73% used [0x0000000080400000,0x0000000081075590,0x0000000081500000)
 Metaspace       used 19190K, capacity 19320K, committed 19456K, reserved 1067008K
  class space    used 2146K, capacity 2200K, committed 2304K, reserved 1048576K
}
Event: 2.001 GC heap before
{Heap before GC invocations=15 (full 2):
 PSYoungGen      total 29184K, used 25018K [0x00000000d5700000, 0x00000000d7f00000, 0x0000000100000000)
  eden space 18944K, 100% used [0x00000000d5700000,0x00000000d6980000,0x00000000d6980000)
  from space 10240K, 59% used [0x00000000d7400000,0x00000000d79eeab8,0x00000000d7e00000)
  to   space 10752K, 0% used [0x00000000d6980000,0x00000000d6980000,0x00000000d7400000)
 ParOldGen       total 17408K, used 12757K [0x0000000080400000, 0x0000000081500000, 0x00000000d5700000)
  object space 17408K, 73% used [0x0000000080400000,0x0000000081075590,0x0000000081500000)
 Metaspace       used 19303K, capacity 19384K, committed 19712K, reserved 1067008K
  class space    used 2146K, capacity 2200K, committed 2304K, reserved 1048576K
Event: 2.011 GC heap after
Heap after GC invocations=15 (full 2):
 PSYoungGen      total 29696K, used 10012K [0x00000000d5700000, 0x00000000d8600000, 0x0000000100000000)
  eden space 18944K, 0% used [0x00000000d5700000,0x00000000d5700000,0x00000000d6980000)
  from space 10752K, 93% used [0x00000000d6980000,0x00000000d7347080,0x00000000d7400000)
  to   space 12288K, 0% used [0x00000000d7a00000,0x00000000d7a00000,0x00000000d8600000)
 ParOldGen       total 17408K, used 12829K [0x0000000080400000, 0x0000000081500000, 0x00000000d5700000)
  object space 17408K, 73% used [0x0000000080400000,0x00000000810875a0,0x0000000081500000)
 Metaspace       used 19303K, capacity 19384K, committed 19712K, reserved 1067008K
  class space    used 2146K, capacity 2200K, committed 2304K, reserved 1048576K
}

